<?xml version="1.0" encoding="UTF-8"?>
<!-- Generated by org.testng.reporters.JUnitReportReporter -->
<testsuite hostname="MP13NEYX-PC" name="testCase.MyInfo" tests="1" failures="0" timestamp="5 Jul 2020 03:36:59 GMT" time="8.999" errors="0">
  <testcase name="immigration" time="8.999" classname="testCase.MyInfo"/>
</testsuite> <!-- testCase.MyInfo -->
