<?xml version="1.0" encoding="UTF-8"?>
<!-- Generated by org.testng.reporters.JUnitReportReporter -->
<testsuite hostname="MP13NEYX-PC" name="testCase.LoginTestCase" tests="1" failures="0" timestamp="5 Jul 2020 06:00:09 GMT" time="7.527" errors="0">
  <testcase name="login" time="7.527" classname="testCase.LoginTestCase"/>
</testsuite> <!-- testCase.LoginTestCase -->
