<?xml version="1.0" encoding="UTF-8"?>
<!-- Generated by org.testng.reporters.JUnitReportReporter -->
<testsuite hostname="MP13NEYX-PC" name="pageFactoryWithoutAnnotations.LoginWithoutFindBy" tests="1" failures="0" timestamp="5 Jul 2020 07:28:16 GMT" time="5.724" errors="0">
  <testcase name="login" time="5.724" classname="pageFactoryWithoutAnnotations.LoginWithoutFindBy"/>
</testsuite> <!-- pageFactoryWithoutAnnotations.LoginWithoutFindBy -->
