<?xml version="1.0" encoding="UTF-8"?>
<!-- Generated by org.testng.reporters.JUnitReportReporter -->
<testsuite hostname="MP13NEYX-PC" name="testCase.MyInfoTestCase" tests="1" failures="0" timestamp="5 Jul 2020 07:06:08 GMT" time="16.519" errors="0">
  <testcase name="immigration" time="16.519" classname="testCase.MyInfoTestCase"/>
</testsuite> <!-- testCase.MyInfoTestCase -->
